<?xml version="1.0" encoding="UTF-8"?>
<!-- Generated by org.testng.reporters.JUnitReportReporter -->
<testsuite hostname="Veronika" name="demo.test.DemoTest" tests="1" failures="0" timestamp="8 Aug 2014 00:36:56 GMT" time="214.153" errors="0">
  <testcase name="xTest" time="214.153" classname="demo.test.DemoTest"/>
</testsuite> <!-- demo.test.DemoTest -->
