<?xml version="1.0" encoding="UTF-8"?>
<!-- Generated by org.testng.reporters.JUnitReportReporter -->
<testsuite hostname="Veronika" name="demo.test.DemoTest" tests="1" failures="0" timestamp="31 Jul 2014 16:42:48 GMT" time="4.954" errors="0">
  <testcase name="xTest" time="4.954" classname="demo.test.DemoTest"/>
</testsuite> <!-- demo.test.DemoTest -->
