<?xml version="1.0" encoding="UTF-8"?>
<!-- Generated by org.testng.reporters.JUnitReportReporter -->
<testsuite hostname="Veronika" name="test.ShopsSearchTest" tests="1" failures="0" timestamp="9 Aug 2014 11:51:48 GMT" time="8.709" errors="0">
  <testcase name="xTest" time="8.709" classname="test.ShopsSearchTest"/>
</testsuite> <!-- test.ShopsSearchTest -->
