<?xml version="1.0" encoding="UTF-8"?>
<!-- Generated by org.testng.reporters.JUnitReportReporter -->
<testsuite hostname="Veronika" name="test.JobAdvancedSearchTest" tests="1" failures="0" timestamp="9 Aug 2014 10:32:45 GMT" time="9.020" errors="0">
  <testcase name="xTest" time="9.020" classname="test.JobAdvancedSearchTest"/>
</testsuite> <!-- test.JobAdvancedSearchTest -->
