<?xml version="1.0" encoding="UTF-8"?>
<!-- Generated by org.testng.reporters.JUnitReportReporter -->
<testsuite hostname="Veronika" name="demo.test.DemoTest" tests="1" failures="0" timestamp="6 Aug 2014 18:49:19 GMT" time="82.975" errors="0">
  <testcase name="xTest" time="82.975" classname="demo.test.DemoTest"/>
</testsuite> <!-- demo.test.DemoTest -->
