<?xml version="1.0" encoding="UTF-8"?>
<!-- Generated by org.testng.reporters.JUnitReportReporter -->
<testsuite hostname="Veronika" name="demo.test.DemoTest" tests="1" failures="0" timestamp="2 Aug 2014 10:32:32 GMT" time="49.308" errors="0">
  <testcase name="xTest" time="49.308" classname="demo.test.DemoTest"/>
</testsuite> <!-- demo.test.DemoTest -->
