<?xml version="1.0" encoding="UTF-8"?>
<!-- Generated by org.testng.reporters.JUnitReportReporter -->
<testsuite hostname="Veronika" name="test.MusicFindGroupTest" tests="1" failures="0" timestamp="9 Aug 2014 11:51:48 GMT" time="6.591" errors="0">
  <testcase name="xTest" time="6.591" classname="test.MusicFindGroupTest"/>
</testsuite> <!-- test.MusicFindGroupTest -->
