<?xml version="1.0" encoding="UTF-8"?>
<!-- Generated by org.testng.reporters.JUnitReportReporter -->
<testsuite hostname="Veronika" name="test.WeatherChangeCityTest" tests="1" failures="0" timestamp="9 Aug 2014 10:32:45 GMT" time="4.984" errors="0">
  <testcase name="xTest" time="4.984" classname="test.WeatherChangeCityTest"/>
</testsuite> <!-- test.WeatherChangeCityTest -->
